<?xml version="1.0" encoding="UTF-8"?>
<!-- Generated by org.testng.reporters.JUnitReportReporter -->
<testsuite hostname="PC-20170725TZYG" name="cn.h5.appium.testcases.communityActivityCase" tests="1" failures="1" timestamp="10 May 2018 05:38:47 GMT" time="26.251" errors="0">
  <testcase name="activityBannerCase" time="26.251" classname="cn.h5.appium.testcases.communityActivityCase">
    <failure type="org.openqa.selenium.InvalidSelectorException" message="Locator Strategy &#039;css selector&#039; is not supported for this session (WARNING: The server did not provide any stacktrace information)
Command duration or timeout: 0 milliseconds
For documentation on this error, please visit: http://seleniumhq.org/exceptions/invalid_selector_exception.html
Build info: version: &#039;3.5.3&#039;, revision: &#039;a88d25fe6b&#039;, time: &#039;2017-08-29T12:42:44.417Z&#039;
System info: host: &#039;PC-20170725TZYG&#039;, ip: &#039;192.168.4.53&#039;, os.name: &#039;Windows 7&#039;, os.arch: &#039;amd64&#039;, os.version: &#039;6.1&#039;, java.version: &#039;1.8.0_141&#039;
Driver info: cn.h5.appium.base.AndroidDriverBase
Capabilities [{appPackage=com.tencent.mm, noReset=true, deviceName=c8ebc45e, platform=LINUX, deviceUDID=c8ebc45e, chromedriverExecutable=D:\chromedriver.exe, desired={app=D:\hym\apk\hx_andr_app_www_1.86-201709291556.apk, appPackage=com.tencent.mm, androidUseRunningApp=true, noReset=true, noSign=true, deviceName=devicename, appActivity=com.tencent.mm.ui.LauncherUI, chromedriverExecutable=D:\chromedriver.exe, newCommandTimeout=1200, automationName=Appium, unicodeKeyboard=true, chromeOptions={args=[], extensions=[], androidProcess=com.tencent.mm:tools}, udid=c8ebc45e, platformName=Android, resetKeyboard=true}, newCommandTimeout=1200, platformVersion=6.0.1, webStorageEnabled=false, automationName=Appium, takesScreenshot=true, javascriptEnabled=true, unicodeKeyboard=true, udid=c8ebc45e, deviceManufacturer=samsung, platformName=LINUX, resetKeyboard=true, app=D:\hym\apk\hx_andr_app_www_1.86-201709291556.apk, deviceScreenSize=1080x1920, networkConnectionEnabled=true, androidUseRunningApp=true, noSign=true, warnings={}, databaseEnabled=false, appActivity=com.tencent.mm.ui.LauncherUI, locationContextEnabled=false, deviceModel=SM-C7000, chromeOptions={args=[], extensions=[], androidProcess=com.tencent.mm:tools}}]
Session ID: 3cbc04ff-882a-404a-98e3-557c179641f0
*** Element info: {Using=css selector, value=}">
      <![CDATA[org.openqa.selenium.InvalidSelectorException: Locator Strategy 'css selector' is not supported for this session (WARNING: The server did not provide any stacktrace information)
Command duration or timeout: 0 milliseconds
For documentation on this error, please visit: http://seleniumhq.org/exceptions/invalid_selector_exception.html
Build info: version: '3.5.3', revision: 'a88d25fe6b', time: '2017-08-29T12:42:44.417Z'
System info: host: 'PC-20170725TZYG', ip: '192.168.4.53', os.name: 'Windows 7', os.arch: 'amd64', os.version: '6.1', java.version: '1.8.0_141'
Driver info: cn.h5.appium.base.AndroidDriverBase
Capabilities [{appPackage=com.tencent.mm, noReset=true, deviceName=c8ebc45e, platform=LINUX, deviceUDID=c8ebc45e, chromedriverExecutable=D:\chromedriver.exe, desired={app=D:\hym\apk\hx_andr_app_www_1.86-201709291556.apk, appPackage=com.tencent.mm, androidUseRunningApp=true, noReset=true, noSign=true, deviceName=devicename, appActivity=com.tencent.mm.ui.LauncherUI, chromedriverExecutable=D:\chromedriver.exe, newCommandTimeout=1200, automationName=Appium, unicodeKeyboard=true, chromeOptions={args=[], extensions=[], androidProcess=com.tencent.mm:tools}, udid=c8ebc45e, platformName=Android, resetKeyboard=true}, newCommandTimeout=1200, platformVersion=6.0.1, webStorageEnabled=false, automationName=Appium, takesScreenshot=true, javascriptEnabled=true, unicodeKeyboard=true, udid=c8ebc45e, deviceManufacturer=samsung, platformName=LINUX, resetKeyboard=true, app=D:\hym\apk\hx_andr_app_www_1.86-201709291556.apk, deviceScreenSize=1080x1920, networkConnectionEnabled=true, androidUseRunningApp=true, noSign=true, warnings={}, databaseEnabled=false, appActivity=com.tencent.mm.ui.LauncherUI, locationContextEnabled=false, deviceModel=SM-C7000, chromeOptions={args=[], extensions=[], androidProcess=com.tencent.mm:tools}}]
Session ID: 3cbc04ff-882a-404a-98e3-557c179641f0
*** Element info: {Using=css selector, value=}
	at sun.reflect.NativeConstructorAccessorImpl.newInstance0(Native Method)
	at sun.reflect.NativeConstructorAccessorImpl.newInstance(NativeConstructorAccessorImpl.java:62)
	at sun.reflect.DelegatingConstructorAccessorImpl.newInstance(DelegatingConstructorAccessorImpl.java:45)
	at java.lang.reflect.Constructor.newInstance(Constructor.java:423)
	at org.openqa.selenium.remote.ErrorHandler.createThrowable(ErrorHandler.java:215)
	at org.openqa.selenium.remote.ErrorHandler.throwIfResponseFailed(ErrorHandler.java:167)
	at org.openqa.selenium.remote.http.JsonHttpResponseCodec.reconstructValue(JsonHttpResponseCodec.java:40)
	at org.openqa.selenium.remote.http.AbstractHttpResponseCodec.decode(AbstractHttpResponseCodec.java:82)
	at org.openqa.selenium.remote.http.AbstractHttpResponseCodec.decode(AbstractHttpResponseCodec.java:45)
	at org.openqa.selenium.remote.HttpCommandExecutor.execute(HttpCommandExecutor.java:164)
	at io.appium.java_client.remote.AppiumCommandExecutor.execute(AppiumCommandExecutor.java:89)
	at org.openqa.selenium.remote.RemoteWebDriver.execute(RemoteWebDriver.java:646)
	at io.appium.java_client.DefaultGenericMobileDriver.execute(DefaultGenericMobileDriver.java:42)
	at io.appium.java_client.AppiumDriver.execute(AppiumDriver.java:1)
	at io.appium.java_client.android.AndroidDriver.execute(AndroidDriver.java:1)
	at cn.h5.appium.base.AndroidDriverBase.execute(AndroidDriverBase.java:1)
	at org.openqa.selenium.remote.RemoteWebDriver.findElement(RemoteWebDriver.java:416)
	at io.appium.java_client.DefaultGenericMobileDriver.findElement(DefaultGenericMobileDriver.java:62)
	at io.appium.java_client.AppiumDriver.findElement(AppiumDriver.java:1)
	at io.appium.java_client.android.AndroidDriver.findElement(AndroidDriver.java:1)
	at cn.h5.appium.base.AndroidDriverBase.findElement(AndroidDriverBase.java:1)
	at org.openqa.selenium.remote.RemoteWebDriver.findElementByCssSelector(RemoteWebDriver.java:510)
	at io.appium.java_client.DefaultGenericMobileDriver.findElementByCssSelector(DefaultGenericMobileDriver.java:129)
	at io.appium.java_client.AppiumDriver.findElementByCssSelector(AppiumDriver.java:1)
	at io.appium.java_client.android.AndroidDriver.findElementByCssSelector(AndroidDriver.java:1)
	at cn.h5.appium.base.AndroidDriverBase.findElementByCssSelector(AndroidDriverBase.java:1)
	at cn.h5.appium.page.communityActivityPage.activityBanner(communityActivityPage.java:30)
	at cn.h5.appium.testcases.communityActivityCase.activityBannerCase(communityActivityCase.java:40)
	at sun.reflect.NativeMethodAccessorImpl.invoke0(Native Method)
	at sun.reflect.NativeMethodAccessorImpl.invoke(NativeMethodAccessorImpl.java:62)
	at sun.reflect.DelegatingMethodAccessorImpl.invoke(DelegatingMethodAccessorImpl.java:43)
	at java.lang.reflect.Method.invoke(Method.java:498)
	at org.testng.internal.MethodInvocationHelper.invokeMethod(MethodInvocationHelper.java:84)
	at org.testng.internal.Invoker.invokeMethod(Invoker.java:714)
	at org.testng.internal.Invoker.invokeTestMethod(Invoker.java:901)
	at org.testng.internal.Invoker.invokeTestMethods(Invoker.java:1231)
	at org.testng.internal.TestMethodWorker.invokeTestMethods(TestMethodWorker.java:127)
	at org.testng.internal.TestMethodWorker.run(TestMethodWorker.java:111)
	at org.testng.TestRunner.privateRun(TestRunner.java:767)
	at org.testng.TestRunner.run(TestRunner.java:617)
	at org.testng.SuiteRunner.runTest(SuiteRunner.java:335)
	at org.testng.SuiteRunner.access$000(SuiteRunner.java:37)
	at org.testng.SuiteRunner$SuiteWorker.run(SuiteRunner.java:369)
	at org.testng.internal.thread.ThreadUtil$2.call(ThreadUtil.java:64)
	at java.util.concurrent.FutureTask.run(FutureTask.java:266)
	at java.util.concurrent.ThreadPoolExecutor.runWorker(ThreadPoolExecutor.java:1149)
	at java.util.concurrent.ThreadPoolExecutor$Worker.run(ThreadPoolExecutor.java:624)
	at java.lang.Thread.run(Thread.java:748)
]]>
    </failure>
  </testcase> <!-- activityBannerCase -->
</testsuite> <!-- cn.h5.appium.testcases.communityActivityCase -->
