<?xml version="1.0" encoding="UTF-8"?>
<!-- Generated by org.testng.reporters.JUnitReportReporter -->
<testsuite hostname="PC-20170725TZYG" name="cn.h5.appium.testcases.communityActivityCase" tests="1" failures="0" timestamp="4 May 2018 09:47:30 GMT" time="33.727" errors="0">
  <testcase name="activityBannerCase" time="33.727" classname="cn.h5.appium.testcases.communityActivityCase"/>
</testsuite> <!-- cn.h5.appium.testcases.communityActivityCase -->
